{
  "RSpec": {
    "coverage": {
      "/Users/emilybell/Dropbox/Turing/module_three/pow_pursuit/app/helpers/application_helper.rb": [
        1,
        null
      ],
      "/Users/emilybell/Dropbox/Turing/module_three/pow_pursuit/app/controllers/snowfalls_controller.rb": [
        1,
        1,
        1,
        null,
        null
      ],
      "/Users/emilybell/Dropbox/Turing/module_three/pow_pursuit/app/controllers/application_controller.rb": [
        1,
        null,
        null,
        1,
        1,
        null,
        1,
        null,
        null,
        null,
        1,
        null,
        1,
        1,
        null,
        null
      ],
      "/Users/emilybell/Dropbox/Turing/module_three/pow_pursuit/app/models/resort.rb": [
        1,
        1,
        1,
        null,
        1,
        1,
        1,
        1,
        null,
        1,
        0,
        0,
        null,
        null,
        1,
        0,
        0,
        null,
        null,
        1,
        0,
        0,
        null,
        null
      ],
      "/Users/emilybell/Dropbox/Turing/module_three/pow_pursuit/app/models/user.rb": [
        1,
        1,
        1,
        null,
        1,
        0,
        0,
        0,
        0,
        0,
        0,
        null,
        null,
        null,
        1,
        0,
        0,
        0,
        0,
        0,
        null,
        null,
        0,
        null,
        null
      ],
      "/Users/emilybell/Dropbox/Turing/module_three/pow_pursuit/app/models/favorite.rb": [
        1,
        1,
        1,
        null
      ],
      "/Users/emilybell/Dropbox/Turing/module_three/pow_pursuit/app/controllers/users_controller.rb": [
        1,
        1,
        null,
        1,
        0,
        0,
        null,
        null,
        1,
        null,
        null,
        1,
        0,
        0,
        0,
        null,
        0,
        0,
        null,
        null,
        0,
        0,
        null,
        0,
        0,
        null,
        null,
        null,
        1,
        null,
        null,
        null,
        1,
        null,
        1,
        0,
        null,
        null,
        null,
        null,
        null,
        null,
        null,
        null,
        1,
        0,
        null,
        null
      ]
    },
    "timestamp": 1413481261
  }
}
